/home/mukh614/Helics_Dependency/miniconda3/lib/python3.6/importlib/_bootstrap.py:219: RuntimeWarning: numpy.dtype size changed, may indicate binary incompatibility. Expected 96, got 88
  return f(*args, **kwds)
EV Controller grantedtime = 1.0
Total Feeder Load is 2853169.611394204 + 923705.5641182151 j
EV Controller grantedtime = 300.0
Total Feeder Load is 2880022.7242343826 + 933670.9824874182 j
EV Controller grantedtime = 600.0
Total Feeder Load is 2841759.949048336 + 920250.2670469206 j
EV Controller grantedtime = 900.0
Total Feeder Load is 2852514.504282087 + 923586.1525464243 j
EV Controller grantedtime = 1200.0
Total Feeder Load is 2847965.964422453 + 922210.7030568044 j
EV Controller grantedtime = 1500.0
Total Feeder Load is 2827361.210233499 + 915702.09497492 j
EV Controller grantedtime = 1800.0
Total Feeder Load is 2834133.829674517 + 917858.3610015414 j
EV Controller grantedtime = 2100.0
Total Feeder Load is 2833643.3310806267 + 917643.8545193706 j
EV Controller grantedtime = 2400.0
Total Feeder Load is 2832942.191032867 + 917434.267417746 j
EV Controller grantedtime = 2700.0
Total Feeder Load is 2802041.2804743014 + 907705.9392713743 j
EV Controller grantedtime = 3000.0
Total Feeder Load is 2795870.3066944564 + 905766.3661314363 j
EV Controller grantedtime = 3300.0
Total Feeder Load is 2799430.4578299234 + 906778.5161488927 j
EV Controller grantedtime = 3600.0
Total Feeder Load is 2801903.710677952 + 907557.6890143398 j
EV Controller grantedtime = 3900.0
Total Feeder Load is 2799363.3247200516 + 906905.0372160866 j
EV Controller grantedtime = 4200.0
Total Feeder Load is 2804558.4226570884 + 908533.0279730068 j
EV Controller grantedtime = 4500.0
Total Feeder Load is 2803509.3193147453 + 907925.2458992478 j
EV Controller grantedtime = 4800.0
Total Feeder Load is 2786055.0448538694 + 902469.2729643451 j
EV Controller grantedtime = 5100.0
Total Feeder Load is 2791801.031954012 + 904406.4116653391 j
EV Controller grantedtime = 5400.0
Total Feeder Load is 2769400.3759910883 + 897394.1745158633 j
EV Controller grantedtime = 5700.0
Total Feeder Load is 2763144.31815397 + 895290.7096463798 j
EV Controller grantedtime = 6000.0
Total Feeder Load is 2775546.2776372037 + 899179.6096984826 j
EV Controller grantedtime = 6300.0
Total Feeder Load is 2772666.9841631013 + 898379.2785330223 j
EV Controller grantedtime = 6600.0
Total Feeder Load is 2759976.812667833 + 894406.8281574261 j
EV Controller grantedtime = 6900.0
Total Feeder Load is 2764604.844787234 + 895750.4743045741 j
EV Controller grantedtime = 7200.0
Total Feeder Load is 2761335.5660713613 + 894731.8945364037 j
EV Controller grantedtime = 7500.0
Total Feeder Load is 2771370.808418957 + 897968.0850252786 j
EV Controller grantedtime = 7800.0
Total Feeder Load is 2752339.1014703037 + 892010.1517732409 j
EV Controller grantedtime = 8100.0
Total Feeder Load is 2760925.508830214 + 894601.7304974198 j
EV Controller grantedtime = 8400.0
Total Feeder Load is 2756704.8234870494 + 893188.1242028956 j
EV Controller grantedtime = 8700.0
Total Feeder Load is 2760055.0713257845 + 894358.3953593813 j
EV Controller grantedtime = 9000.0
Total Feeder Load is 2748870.5471024634 + 890857.2058068134 j
EV Controller grantedtime = 9300.0
Total Feeder Load is 2760505.9811199736 + 894434.6127494234 j
EV Controller grantedtime = 9600.0
Total Feeder Load is 2757704.7845527898 + 893548.9664407906 j
EV Controller grantedtime = 9900.0
Total Feeder Load is 2753227.7227183734 + 892281.9262689027 j
EV Controller grantedtime = 10200.0
Total Feeder Load is 2740020.1657446288 + 888135.5042523171 j
EV Controller grantedtime = 10500.0
Total Feeder Load is 2735209.523198788 + 886539.1304437193 j
EV Controller grantedtime = 10800.0
Total Feeder Load is 2752052.981110388 + 891799.5961268257 j
EV Controller grantedtime = 11100.0
Total Feeder Load is 2745445.6404903727 + 889857.1544453168 j
EV Controller grantedtime = 11400.0
Total Feeder Load is 2752162.8711841577 + 891953.6911033725 j
EV Controller grantedtime = 11700.0
Total Feeder Load is 2753900.3403428593 + 892365.7212042274 j
EV Controller grantedtime = 12000.0
Total Feeder Load is 2756405.6902347654 + 893178.4500968305 j
EV Controller grantedtime = 12300.0
Total Feeder Load is 2762009.483201837 + 895039.8631677673 j
EV Controller grantedtime = 12600.0
Total Feeder Load is 2747579.1477868278 + 890526.8539972755 j
EV Controller grantedtime = 12900.0
Total Feeder Load is 2748684.3098214804 + 890757.9377347238 j
EV Controller grantedtime = 13200.0
Total Feeder Load is 2740448.570745489 + 888198.331759864 j
EV Controller grantedtime = 13500.0
Total Feeder Load is 2742498.818816271 + 888971.1031532778 j
EV Controller grantedtime = 13800.0
Total Feeder Load is 2758398.2738533365 + 893905.338008174 j
EV Controller grantedtime = 14100.0
Total Feeder Load is 2760912.641596946 + 894543.7337357532 j
EV Controller grantedtime = 14400.0
Total Feeder Load is 2765692.3970896634 + 896038.5350128372 j
EV Controller grantedtime = 14700.0
Total Feeder Load is 2769066.7326441435 + 897250.7642452325 j
EV Controller grantedtime = 15000.0
Total Feeder Load is 2769336.881957608 + 897320.412598908 j
EV Controller grantedtime = 15300.0
Total Feeder Load is 2761879.2718337197 + 894875.9001002285 j
EV Controller grantedtime = 15600.0
Total Feeder Load is 2746433.061371079 + 890112.9655936003 j
EV Controller grantedtime = 15900.0
Total Feeder Load is 2766498.771681846 + 896506.2172141297 j
EV Controller grantedtime = 16200.0
Total Feeder Load is 2774241.322862366 + 898885.0801763611 j
EV Controller grantedtime = 16500.0
Total Feeder Load is 2776879.6921718577 + 899628.9526103649 j
EV Controller grantedtime = 16800.0
Total Feeder Load is 2772287.0799203888 + 898195.4803642951 j
EV Controller grantedtime = 17100.0
Total Feeder Load is 2755187.671950345 + 892985.6936654728 j
EV Controller grantedtime = 17400.0
Total Feeder Load is 2768946.669332858 + 897414.8420865755 j
EV Controller grantedtime = 17700.0
Total Feeder Load is 2793923.419809455 + 905074.3168549866 j
EV Controller grantedtime = 18000.0
Total Feeder Load is 2796022.4461063407 + 905699.155065034 j
EV Controller grantedtime = 18300.0
Total Feeder Load is 2777347.466957082 + 900046.2117932119 j
EV Controller grantedtime = 18600.0
Total Feeder Load is 2784983.84182689 + 902449.2750253412 j
EV Controller grantedtime = 18900.0
Total Feeder Load is 2790188.2513561943 + 903944.9767041338 j
EV Controller grantedtime = 19200.0
Total Feeder Load is 2790364.0573137933 + 904099.8308607442 j
EV Controller grantedtime = 19500.0
Total Feeder Load is 2802620.834716622 + 908038.2662023891 j
EV Controller grantedtime = 19800.0
Total Feeder Load is 2815758.555929495 + 912125.2690372167 j
EV Controller grantedtime = 20100.0
Total Feeder Load is 2829115.7889061174 + 916301.0679060896 j
EV Controller grantedtime = 20400.0
Total Feeder Load is 2808560.6689689206 + 909837.0875029608 j
EV Controller grantedtime = 20700.0
Total Feeder Load is 2805356.4279234903 + 908974.1445964554 j
EV Controller grantedtime = 21000.0
Total Feeder Load is 2819401.2552102804 + 913518.2602771135 j
EV Controller grantedtime = 21300.0
Total Feeder Load is 2837438.9147301717 + 919199.3800338317 j
EV Controller grantedtime = 21600.0
Total Feeder Load is 2855644.3944242867 + 924896.2699592183 j
EV Controller grantedtime = 21900.0
Total Feeder Load is 2878347.1419724543 + 932301.3047479435 j
EV Controller grantedtime = 22200.0
Total Feeder Load is 2889919.059395182 + 935907.6037342489 j
EV Controller grantedtime = 22500.0
Total Feeder Load is 2901956.841452979 + 939591.3332293925 j
EV Controller grantedtime = 22800.0
Total Feeder Load is 2915353.946865641 + 943986.3981959543 j
EV Controller grantedtime = 23100.0
Total Feeder Load is 2924497.6067056977 + 946944.90143628 j
EV Controller grantedtime = 23400.0
Total Feeder Load is 2903910.374074378 + 940416.1359327486 j
EV Controller grantedtime = 23700.0
Total Feeder Load is 2920259.656013824 + 945451.9171261721 j
EV Controller grantedtime = 24000.0
Total Feeder Load is 2939948.9963548114 + 951815.8556910031 j
EV Controller grantedtime = 24300.0
Total Feeder Load is 2945492.976314566 + 953628.8515289827 j
EV Controller grantedtime = 24600.0
Total Feeder Load is 2969806.598246965 + 960120.1133143776 j
EV Controller grantedtime = 24900.0
Total Feeder Load is 2967996.4115341776 + 959578.9209972937 j
EV Controller grantedtime = 25200.0
Total Feeder Load is 2980706.4957608646 + 963626.4706506769 j
EV Controller grantedtime = 25500.0
Total Feeder Load is 3050563.9798154286 + 985889.5699022996 j
EV Controller grantedtime = 25800.0
Total Feeder Load is 3065325.83767963 + 990705.7934926233 j
EV Controller grantedtime = 26100.0
Total Feeder Load is 3050145.185452325 + 986071.1118393674 j
EV Controller grantedtime = 26400.0
Total Feeder Load is 3059487.2760061133 + 988926.8823856058 j
EV Controller grantedtime = 26700.0
Total Feeder Load is 3096957.6725496533 + 1000707.7835022631 j
EV Controller grantedtime = 27000.0
Total Feeder Load is 3132737.8328659725 + 1012357.5193534549 j
EV Controller grantedtime = 27300.0
Total Feeder Load is 3122130.569430029 + 1009307.7149707311 j
EV Controller grantedtime = 27600.0
Total Feeder Load is 3162096.212126628 + 1022120.1227751643 j
EV Controller grantedtime = 27900.0
Total Feeder Load is 3182963.4135639328 + 1028378.2732408561 j
EV Controller grantedtime = 28200.0
Total Feeder Load is 3202540.737561861 + 1034856.5475559621 j
EV Controller grantedtime = 28500.0
Total Feeder Load is 3232161.9188984367 + 1044955.7776279451 j
EV Controller grantedtime = 28800.0
Total Feeder Load is 3238639.1892286334 + 1046897.942999725 j
EV Controller grantedtime = 29100.0
Total Feeder Load is 3279867.869086348 + 1060481.731874921 j
EV Controller grantedtime = 29400.0
Total Feeder Load is 3292444.9433734217 + 1064532.895504268 j
EV Controller grantedtime = 29700.0
Total Feeder Load is 3318616.6493784003 + 1073156.2520606308 j
EV Controller grantedtime = 30000.0
Total Feeder Load is 3391109.1996654933 + 1097273.707726313 j
EV Controller grantedtime = 30300.0
Total Feeder Load is 3446589.882307291 + 1115620.2164226947 j
EV Controller grantedtime = 30600.0
Total Feeder Load is 3454045.058926927 + 1117960.0523475516 j
EV Controller grantedtime = 30900.0
Total Feeder Load is 3472255.424410839 + 1124115.7850826296 j
EV Controller grantedtime = 31200.0
Total Feeder Load is 3493074.241119032 + 1131263.4472648394 j
EV Controller grantedtime = 31500.0
Total Feeder Load is 3489783.695310033 + 1130142.6227414717 j
EV Controller grantedtime = 31800.0
Total Feeder Load is 3557447.6114618927 + 1152728.434772202 j
EV Controller grantedtime = 32100.0
Total Feeder Load is 3574934.539138451 + 1158448.2907654939 j
EV Controller grantedtime = 32400.0
Total Feeder Load is 3606088.952281086 + 1169165.5058695762 j
EV Controller grantedtime = 32700.0
Total Feeder Load is 3656900.8219507374 + 1186445.3191311688 j
EV Controller grantedtime = 33000.0
Total Feeder Load is 3622162.3741882406 + 1174571.2530734502 j
EV Controller grantedtime = 33300.0
Total Feeder Load is 3649149.3103957265 + 1183929.0050230557 j
EV Controller grantedtime = 33600.0
Total Feeder Load is 3698817.71179795 + 1201080.5427234517 j
EV Controller grantedtime = 33900.0
Total Feeder Load is 3686737.294908922 + 1196597.2791179596 j
EV Controller grantedtime = 34200.0
Total Feeder Load is 3765583.358671554 + 1223618.5138688022 j
EV Controller grantedtime = 34500.0
Total Feeder Load is 3795739.7997268597 + 1234594.2088941177 j
EV Controller grantedtime = 34800.0
Total Feeder Load is 3692815.1540845465 + 1198509.0315224207 j
EV Controller grantedtime = 35100.0
Total Feeder Load is 3768090.770942334 + 1224682.7129710643 j
EV Controller grantedtime = 35400.0
Total Feeder Load is 3847767.807927188 + 1252408.883619404 j
EV Controller grantedtime = 35700.0
Total Feeder Load is 3900989.8046680265 + 1271171.5844766428 j
EV Controller grantedtime = 36000.0
Total Feeder Load is 3898059.778806841 + 1270143.9875093806 j
EV Controller grantedtime = 36300.0
Total Feeder Load is 3862049.2275052187 + 1257136.6044447627 j
EV Controller grantedtime = 36600.0
Total Feeder Load is 3881398.451530357 + 1263824.993895673 j
EV Controller grantedtime = 36900.0
Total Feeder Load is 3940754.7727306443 + 1284847.5953183852 j
EV Controller grantedtime = 37200.0
Total Feeder Load is 3970092.8049742263 + 1295381.6567113246 j
EV Controller grantedtime = 37500.0
Total Feeder Load is 3966040.5752832517 + 1293429.741538379 j
EV Controller grantedtime = 37800.0
Total Feeder Load is 3974491.876609967 + 1296718.242182651 j
EV Controller grantedtime = 38100.0
Total Feeder Load is 3954908.183871572 + 1289931.1225774288 j
EV Controller grantedtime = 38400.0
Total Feeder Load is 4123329.819874202 + 1349742.920473941 j
Total Feeder Load is over the Feeder Upper Limit
Warning ----> Feeder OverLimit --->  Turn off EV
Turning off EV_Controller/EV6
EV Controller grantedtime = 38700.0
Total Feeder Load is 4130988.973634356 + 1352104.1292198985 j
Total Feeder Load is over the Feeder Upper Limit
Warning ----> Feeder OverLimit --->  Turn off EV
Turning off EV_Controller/EV5
EV Controller grantedtime = 39000.0
Total Feeder Load is 4083278.465870701 + 1335575.8319257447 j
Total Feeder Load is over the Feeder Upper Limit
Warning ----> Feeder OverLimit --->  Turn off EV
Turning off EV_Controller/EV4
EV Controller grantedtime = 39300.0
Total Feeder Load is 3900381.535101611 + 1305304.6606388062 j
EV Controller grantedtime = 39600.0
Total Feeder Load is 3731895.6490409495 + 1302962.6177026688 j
EV Controller grantedtime = 39900.0
Total Feeder Load is 3521986.82231961 + 1279906.511898935 j
EV Controller grantedtime = 40200.0
Total Feeder Load is 3505276.203459755 + 1274220.7881371584 j
EV Controller grantedtime = 40500.0
Total Feeder Load is 3535800.3269722695 + 1284181.8147623339 j
EV Controller grantedtime = 40800.0
Total Feeder Load is 3677395.9091017474 + 1332638.8171603929 j
EV Controller grantedtime = 41100.0
Total Feeder Load is 3699345.581061721 + 1339319.5236038566 j
EV Controller grantedtime = 41400.0
Total Feeder Load is 3665103.1114178533 + 1327838.8437227295 j
EV Controller grantedtime = 41700.0
Total Feeder Load is 3682976.7376909377 + 1334263.6857117405 j
EV Controller grantedtime = 42000.0
Total Feeder Load is 3648875.206812647 + 1322928.8044808526 j
EV Controller grantedtime = 42300.0
Total Feeder Load is 3698554.843179658 + 1339274.8409367977 j
EV Controller grantedtime = 42600.0
Total Feeder Load is 3808853.905672579 + 1377722.5423738859 j
EV Controller grantedtime = 42900.0
Total Feeder Load is 3818046.9433905277 + 1380428.0222251383 j
EV Controller grantedtime = 43200.0
Total Feeder Load is 3800589.6831423785 + 1374271.4345925231 j
EV Controller grantedtime = 43500.0
Total Feeder Load is 3795581.2209898895 + 1372625.2628875938 j
EV Controller grantedtime = 43800.0
Total Feeder Load is 3831014.4072401836 + 1385476.916420231 j
EV Controller grantedtime = 44100.0
Total Feeder Load is 3853944.308851772 + 1392663.9914398096 j
EV Controller grantedtime = 44400.0
Total Feeder Load is 3967755.488177716 + 1433080.0339772562 j
EV Controller grantedtime = 44700.0
Total Feeder Load is 3911548.3272163095 + 1412607.1324878014 j
EV Controller grantedtime = 45000.0
Total Feeder Load is 4005010.2895062054 + 1445752.7884749426 j
Total Feeder Load is over the Feeder Upper Limit
Warning ----> Feeder OverLimit --->  Turn off EV
Turning off EV_Controller/EV3
EV Controller grantedtime = 45300.0
Total Feeder Load is 4014288.671837854 + 1448794.8615582334 j
Total Feeder Load is over the Feeder Upper Limit
Warning ----> Feeder OverLimit --->  Turn off EV
Turning off EV_Controller/EV2
EV Controller grantedtime = 45600.0
Total Feeder Load is 4008709.2496703733 + 1447209.7915243572 j
Total Feeder Load is over the Feeder Upper Limit
Warning ----> Feeder OverLimit --->  Turn off EV
Turning off EV_Controller/EV1
EV Controller grantedtime = 45900.0
Total Feeder Load is 3834053.1000834005 + 1424397.2942374449 j
EV Controller grantedtime = 46200.0
Total Feeder Load is 3677679.4062450547 + 1436909.8544835052 j
EV Controller grantedtime = 46500.0
Total Feeder Load is 3524502.121606943 + 1447508.6008929098 j
EV Controller grantedtime = 46800.0
Total Feeder Load is 3544996.033471356 + 1454788.1987308909 j
EV Controller grantedtime = 47100.0
Total Feeder Load is 3543053.4549203906 + 1454721.932361938 j
EV Controller grantedtime = 47400.0
Total Feeder Load is 3599634.783793902 + 1473883.9742123878 j
EV Controller grantedtime = 47700.0
Total Feeder Load is 3541005.7881731284 + 1453506.2294622741 j
EV Controller grantedtime = 48000.0
Total Feeder Load is 3505933.0976775233 + 1441403.1410457038 j
EV Controller grantedtime = 48300.0
Total Feeder Load is 3614272.724905897 + 1479255.0664816173 j
EV Controller grantedtime = 48600.0
Total Feeder Load is 3515788.0932836058 + 1444687.0796969275 j
EV Controller grantedtime = 48900.0
Total Feeder Load is 3432765.6175867645 + 1416200.8972434867 j
EV Controller grantedtime = 49200.0
Total Feeder Load is 3568156.3368573897 + 1463181.5188954864 j
EV Controller grantedtime = 49500.0
Total Feeder Load is 3668091.8971888274 + 1497238.4327779254 j
EV Controller grantedtime = 49800.0
Total Feeder Load is 3628564.291316231 + 1484268.163764157 j
EV Controller grantedtime = 50100.0
Total Feeder Load is 3553443.8392166845 + 1457851.069310985 j
EV Controller grantedtime = 50400.0
Total Feeder Load is 3526032.6022495744 + 1448284.0530931265 j
EV Controller grantedtime = 50700.0
Total Feeder Load is 3658079.669482583 + 1494449.0235313778 j
EV Controller grantedtime = 51000.0
Total Feeder Load is 3594012.1523667593 + 1471589.5766057565 j
EV Controller grantedtime = 51300.0
Total Feeder Load is 3629749.7548530074 + 1484637.2756681875 j
EV Controller grantedtime = 51600.0
Total Feeder Load is 3576897.590897939 + 1466033.2537693498 j
EV Controller grantedtime = 51900.0
Total Feeder Load is 3683987.96787412 + 1503081.4079783207 j
EV Controller grantedtime = 52200.0
Total Feeder Load is 3625736.891824048 + 1482800.566240185 j
EV Controller grantedtime = 52500.0
Total Feeder Load is 3619338.403432649 + 1480965.5099332086 j
EV Controller grantedtime = 52800.0
Total Feeder Load is 3686708.0089684273 + 1504123.8712755486 j
EV Controller grantedtime = 53100.0
Total Feeder Load is 3681905.5212504864 + 1502437.961193921 j
EV Controller grantedtime = 53400.0
Total Feeder Load is 3734494.6589392987 + 1521173.294011292 j
EV Controller grantedtime = 53700.0
Total Feeder Load is 3678849.7669197163 + 1501076.4424280007 j
EV Controller grantedtime = 54000.0
Total Feeder Load is 3685912.7290318795 + 1503537.7853723303 j
EV Controller grantedtime = 54300.0
Total Feeder Load is 3566973.2207337217 + 1462773.803354289 j
EV Controller grantedtime = 54600.0
Total Feeder Load is 3442364.987945369 + 1419775.5323238242 j
EV Controller grantedtime = 54900.0
Total Feeder Load is 3529297.3670769464 + 1450089.0950926347 j
EV Controller grantedtime = 55200.0
Total Feeder Load is 3517703.6388354274 + 1445437.1579754474 j
EV Controller grantedtime = 55500.0
Total Feeder Load is 3593432.7055327184 + 1471716.9686093214 j
EV Controller grantedtime = 55800.0
Total Feeder Load is 3610468.4066664935 + 1477484.024494356 j
EV Controller grantedtime = 56100.0
Total Feeder Load is 3384577.2621599017 + 1400433.6553838705 j
EV Controller grantedtime = 56400.0
Total Feeder Load is 3633302.245563344 + 1485692.137466075 j
EV Controller grantedtime = 56700.0
Total Feeder Load is 3562665.867379105 + 1461212.9198571155 j
EV Controller grantedtime = 57000.0
Total Feeder Load is 3540071.4891920127 + 1453266.039169385 j
EV Controller grantedtime = 57300.0
Total Feeder Load is 3507371.5312453713 + 1442638.1402184502 j
EV Controller grantedtime = 57600.0
Total Feeder Load is 3578169.819528635 + 1466791.329416631 j
EV Controller grantedtime = 57900.0
Total Feeder Load is 3647940.0813005143 + 1491124.4134341571 j
EV Controller grantedtime = 58200.0
Total Feeder Load is 3464086.3472305015 + 1427078.197198706 j
EV Controller grantedtime = 58500.0
Total Feeder Load is 3592387.757140127 + 1471212.8856795765 j
EV Controller grantedtime = 58800.0
Total Feeder Load is 3630597.9401009157 + 1484618.827431274 j
EV Controller grantedtime = 59100.0
Total Feeder Load is 3377644.7103600586 + 1397357.7699983916 j
EV Controller grantedtime = 59400.0
Total Feeder Load is 3646745.5486558876 + 1490341.048109384 j
EV Controller grantedtime = 59700.0
Total Feeder Load is 3574370.7752757245 + 1465671.2498649552 j
EV Controller grantedtime = 60000.0
Total Feeder Load is 3540410.076157549 + 1453730.5271511483 j
EV Controller grantedtime = 60300.0
Total Feeder Load is 3446341.9144612197 + 1420895.9922680124 j
EV Controller grantedtime = 60600.0
Total Feeder Load is 3472121.463160271 + 1430321.3693909408 j
EV Controller grantedtime = 60900.0
Total Feeder Load is 3496151.095460168 + 1438952.8070529783 j
EV Controller grantedtime = 61200.0
Total Feeder Load is 3348397.4832690535 + 1388434.7356624398 j
EV Controller grantedtime = 61500.0
Total Feeder Load is 3398562.99100469 + 1405805.3054356268 j
EV Controller grantedtime = 61800.0
Total Feeder Load is 3319408.7705830093 + 1378854.8063188135 j
EV Controller grantedtime = 62100.0
Total Feeder Load is 3419426.8183830697 + 1412183.5811334006 j
EV Controller grantedtime = 62400.0
Total Feeder Load is 3231906.7762180557 + 1349390.7208200917 j
EV Controller grantedtime = 62700.0
Total Feeder Load is 3387374.6418566126 + 1401726.5758662082 j
EV Controller grantedtime = 63000.0
Total Feeder Load is 3167063.494878309 + 1327183.410680862 j
EV Controller grantedtime = 63300.0
Total Feeder Load is 3339482.8264896343 + 1385879.7962863008 j
EV Controller grantedtime = 63600.0
Total Feeder Load is 3147353.917140724 + 1321642.8282027296 j
EV Controller grantedtime = 63900.0
Total Feeder Load is 3135295.158432507 + 1317905.930119282 j
EV Controller grantedtime = 64200.0
Total Feeder Load is 3217824.3175207893 + 1345119.4752123263 j
EV Controller grantedtime = 64500.0
Total Feeder Load is 3080065.7277411316 + 1299689.7943737828 j
EV Controller grantedtime = 64800.0
Total Feeder Load is 3147267.1457228274 + 1321885.3938545915 j
EV Controller grantedtime = 65100.0
Total Feeder Load is 3265031.1331486087 + 1360618.0866362345 j
EV Controller grantedtime = 65400.0
Total Feeder Load is 3017488.75427742 + 1278534.7715115873 j
EV Controller grantedtime = 65700.0
Total Feeder Load is 2987932.802650897 + 1268730.6141297012 j
EV Controller grantedtime = 66000.0
Total Feeder Load is 3004622.087746145 + 1275404.2238325733 j
EV Controller grantedtime = 66300.0
Total Feeder Load is 2919543.6399123147 + 1247979.6337736966 j
EV Controller grantedtime = 66600.0
Total Feeder Load is 2899754.6579748276 + 1241267.2045893264 j
EV Controller grantedtime = 66900.0
Total Feeder Load is 2963450.934341806 + 1261703.6423547012 j
EV Controller grantedtime = 67200.0
Total Feeder Load is 2873404.797118926 + 1232144.8897971322 j
EV Controller grantedtime = 67500.0
Total Feeder Load is 2646758.5489302166 + 1159817.184801741 j
Total Feeder Load is under the Feeder Lower Limit
Feeder Can Support EVs ------>  Turn on EV
Turning on EV_Controller/EV1
EV Controller grantedtime = 67800.0
Total Feeder Load is 2694348.817332946 + 1175407.191099098 j
Total Feeder Load is under the Feeder Lower Limit
Feeder Can Support EVs ------>  Turn on EV
Turning on EV_Controller/EV2
EV Controller grantedtime = 68100.0
Total Feeder Load is 2655086.8441104633 + 1163238.0325178003 j
Total Feeder Load is under the Feeder Lower Limit
Feeder Can Support EVs ------>  Turn on EV
Turning on EV_Controller/EV3
EV Controller grantedtime = 68400.0
Total Feeder Load is 2808216.1832447965 + 1152650.7978631489 j
EV Controller grantedtime = 68700.0
Total Feeder Load is 2941658.0971598523 + 1132404.3462992613 j
EV Controller grantedtime = 69000.0
Total Feeder Load is 2948028.0881961454 + 1093451.4962293017 j
EV Controller grantedtime = 69300.0
Total Feeder Load is 3022781.5429248856 + 1117047.04044866 j
EV Controller grantedtime = 69600.0
Total Feeder Load is 3113706.8886016505 + 1146338.0947490514 j
EV Controller grantedtime = 69900.0
Total Feeder Load is 3019547.3941579014 + 1116183.2273481605 j
EV Controller grantedtime = 70200.0
Total Feeder Load is 3007083.5298395096 + 1112066.8187522679 j
EV Controller grantedtime = 70500.0
Total Feeder Load is 3015561.117297553 + 1115304.5834179749 j
EV Controller grantedtime = 70800.0
Total Feeder Load is 3082963.1432925025 + 1136545.8916387842 j
EV Controller grantedtime = 71100.0
Total Feeder Load is 2921635.347402009 + 1084934.166540631 j
EV Controller grantedtime = 71400.0
Total Feeder Load is 2943198.3287972165 + 1092644.0523960318 j
EV Controller grantedtime = 71700.0
Total Feeder Load is 3025914.907755579 + 1118948.1049731104 j
EV Controller grantedtime = 72000.0
Total Feeder Load is 2878695.09197641 + 1072185.6594279832 j
EV Controller grantedtime = 72300.0
Total Feeder Load is 2946742.0458874432 + 1093418.2010510198 j
EV Controller grantedtime = 72600.0
Total Feeder Load is 2877420.2718630414 + 1071859.1043368757 j
EV Controller grantedtime = 72900.0
Total Feeder Load is 2899495.153158826 + 1079064.2125184801 j
EV Controller grantedtime = 73200.0
Total Feeder Load is 2877683.4782949644 + 1071085.1958888469 j
EV Controller grantedtime = 73500.0
Total Feeder Load is 2831455.578810745 + 1056363.8109546828 j
EV Controller grantedtime = 73800.0
Total Feeder Load is 2911499.1359280483 + 1081751.527851096 j
EV Controller grantedtime = 74100.0
Total Feeder Load is 2863681.006333539 + 1067165.2133619776 j
EV Controller grantedtime = 74400.0
Total Feeder Load is 2883334.5563197685 + 1073130.4271571506 j
EV Controller grantedtime = 74700.0
Total Feeder Load is 2898402.8060085485 + 1077522.5034910294 j
EV Controller grantedtime = 75000.0
Total Feeder Load is 2860319.2236785716 + 1065827.2614077376 j
EV Controller grantedtime = 75300.0
Total Feeder Load is 2895837.386575653 + 1077329.6363966654 j
EV Controller grantedtime = 75600.0
Total Feeder Load is 2916823.8656715965 + 1083629.1395508123 j
EV Controller grantedtime = 75900.0
Total Feeder Load is 2807679.792368569 + 1049453.5467591449 j
EV Controller grantedtime = 76200.0
Total Feeder Load is 2727921.459390279 + 1025092.191220681 j
EV Controller grantedtime = 76500.0
Total Feeder Load is 2774693.4442279977 + 1039972.237900885 j
EV Controller grantedtime = 76800.0
Total Feeder Load is 2749678.08099428 + 1032171.7340874841 j
EV Controller grantedtime = 77100.0
Total Feeder Load is 2799902.36192157 + 1047663.633992981 j
EV Controller grantedtime = 77400.0
Total Feeder Load is 2741443.0413091946 + 1029310.4126962117 j
EV Controller grantedtime = 77700.0
Total Feeder Load is 2683345.6647053 + 1011508.036211601 j
Total Feeder Load is under the Feeder Lower Limit
Feeder Can Support EVs ------>  Turn on EV
Turning on EV_Controller/EV4
EV Controller grantedtime = 78000.0
Total Feeder Load is 2660345.6206058217 + 1002953.5699245931 j
Total Feeder Load is under the Feeder Lower Limit
Feeder Can Support EVs ------>  Turn on EV
Turning on EV_Controller/EV5
EV Controller grantedtime = 78300.0
Total Feeder Load is 2628506.544232579 + 993236.983181708 j
Total Feeder Load is under the Feeder Lower Limit
Feeder Can Support EVs ------>  Turn on EV
Turning on EV_Controller/EV6
EV Controller grantedtime = 78600.0
Total Feeder Load is 2838268.666949574 + 1011168.1768645002 j
EV Controller grantedtime = 78900.0
Total Feeder Load is 3055781.5326694697 + 1026874.238415347 j
EV Controller grantedtime = 79200.0
Total Feeder Load is 3255923.693797623 + 1053149.23091912 j
EV Controller grantedtime = 79500.0
Total Feeder Load is 3260878.9690076644 + 1054219.0937886355 j
EV Controller grantedtime = 79800.0
Total Feeder Load is 3213466.097241468 + 1038989.8899552393 j
EV Controller grantedtime = 80100.0
Total Feeder Load is 3197378.329404668 + 1034189.2567453736 j
EV Controller grantedtime = 80400.0
Total Feeder Load is 3181496.5028358274 + 1028845.1583998236 j
EV Controller grantedtime = 80700.0
Total Feeder Load is 3113580.3609139593 + 1006995.9765657795 j
EV Controller grantedtime = 81000.0
Total Feeder Load is 3116269.2906006877 + 1008112.7224982477 j
EV Controller grantedtime = 81300.0
Total Feeder Load is 3095968.5927187307 + 1001378.0945397466 j
EV Controller grantedtime = 81600.0
Total Feeder Load is 3131160.8897710936 + 1012839.4523185457 j
EV Controller grantedtime = 81900.0
Total Feeder Load is 3122846.8832294783 + 1010332.6786597812 j
EV Controller grantedtime = 82200.0
Total Feeder Load is 3181932.2377381353 + 1029507.5710334064 j
EV Controller grantedtime = 82500.0
Total Feeder Load is 3164264.9856521357 + 1023512.649092674 j
EV Controller grantedtime = 82800.0
Total Feeder Load is 3166449.94831035 + 1024344.4785140409 j
EV Controller grantedtime = 83100.0
Total Feeder Load is 3245030.164897235 + 1050015.0879920218 j
EV Controller grantedtime = 83400.0
Total Feeder Load is 3274585.4971198067 + 1059724.1858464554 j
EV Controller grantedtime = 83700.0
Total Feeder Load is 3263554.196582473 + 1055876.1560557282 j
EV Controller grantedtime = 84000.0
Total Feeder Load is 3200478.142981822 + 1035139.2195948956 j
EV Controller grantedtime = 84300.0
Total Feeder Load is 3326821.0887114834 + 1076823.8400841632 j
EV Controller grantedtime = 84600.0
Total Feeder Load is 3191381.1726171523 + 1032278.4796525291 j
EV Controller grantedtime = 84900.0
Total Feeder Load is 3262533.9798911083 + 1055607.5312268292 j
EV Controller grantedtime = 85200.0
Total Feeder Load is 3214415.619631809 + 1039853.2515372797 j
EV Controller grantedtime = 85500.0
Total Feeder Load is 3158695.1510995016 + 1021499.7327528865 j
EV Controller grantedtime = 85800.0
Total Feeder Load is 3152435.9660093435 + 1019367.3430744124 j
EV Controller grantedtime = 86100.0
Total Feeder Load is 3096775.189015528 + 1001489.3802538083 j
Destroying federate
EV_Controller
7
6
Registered Endpoint ---> EV_Controller/EV6
Registered Endpoint ---> EV_Controller/EV5
Registered Endpoint ---> EV_Controller/EV4
Registered Endpoint ---> EV_Controller/EV3
Registered Endpoint ---> EV_Controller/EV2
Registered Endpoint ---> EV_Controller/EV1
Registered Subscription ---> IEEE_123_feeder_0/totalLoad
Registered Subscription ---> IEEE_123_feeder_0/charge_EV6
Registered Subscription ---> IEEE_123_feeder_0/charge_EV5
Registered Subscription ---> IEEE_123_feeder_0/charge_EV4
Registered Subscription ---> IEEE_123_feeder_0/charge_EV3
Registered Subscription ---> IEEE_123_feeder_0/charge_EV2
Registered Subscription ---> IEEE_123_feeder_0/charge_EV1
###############################################################################################
########################   Entering Execution Mode  ##########################################
Endpoint Destination IEEE_123_feeder_0/EV6
Endpoint Destination IEEE_123_feeder_0/EV5
Endpoint Destination IEEE_123_feeder_0/EV4
Endpoint Destination IEEE_123_feeder_0/EV3
Endpoint Destination IEEE_123_feeder_0/EV2
Endpoint Destination IEEE_123_feeder_0/EV1
Endpoint Destination IEEE_123_feeder_0/EV1
Endpoint Destination IEEE_123_feeder_0/EV2
Endpoint Destination IEEE_123_feeder_0/EV3
Endpoint Destination IEEE_123_feeder_0/EV4
Endpoint Destination IEEE_123_feeder_0/EV5
Endpoint Destination IEEE_123_feeder_0/EV6
