/home/mukh614/Helics_Dependency/miniconda3/lib/python3.6/importlib/_bootstrap.py:219: RuntimeWarning: numpy.dtype size changed, may indicate binary incompatibility. Expected 96, got 88
  return f(*args, **kwds)
EV Controller grantedtime = 1.0
Total Feeder Load is 2853169.611394204 + 923705.5641182151 j
EV Controller grantedtime = 300.0
Total Feeder Load is 2869862.2864002367 + 928755.5821959083 j
EV Controller grantedtime = 600.0
Total Feeder Load is 2841740.5645086966 + 920090.7214039941 j
EV Controller grantedtime = 900.0
Total Feeder Load is 2851226.679635215 + 923061.6308482221 j
EV Controller grantedtime = 1200.0
Total Feeder Load is 2847914.504617233 + 922194.1209085301 j
EV Controller grantedtime = 1500.0
Total Feeder Load is 2825636.661992524 + 914871.3376598951 j
EV Controller grantedtime = 1800.0
Total Feeder Load is 2832128.1757127065 + 916902.4158860901 j
EV Controller grantedtime = 2100.0
Total Feeder Load is 2834055.204923367 + 917834.9719692814 j
EV Controller grantedtime = 2400.0
Total Feeder Load is 2833333.2769660507 + 917615.917107142 j
EV Controller grantedtime = 2700.0
Total Feeder Load is 2800826.1981677664 + 907099.6524306057 j
EV Controller grantedtime = 3000.0
Total Feeder Load is 2793139.285393771 + 904406.7795777767 j
EV Controller grantedtime = 3300.0
Total Feeder Load is 2801302.265555862 + 907568.169763745 j
EV Controller grantedtime = 3600.0
Total Feeder Load is 2803794.4386050776 + 908355.8491575187 j
EV Controller grantedtime = 3900.0
Total Feeder Load is 2795880.5363591425 + 905270.7968693594 j
EV Controller grantedtime = 4200.0
Total Feeder Load is 2801002.0051276973 + 906867.4014756654 j
EV Controller grantedtime = 4500.0
Total Feeder Load is 2806336.9010909745 + 909144.1041807857 j
EV Controller grantedtime = 4800.0
Total Feeder Load is 2788806.379980934 + 903662.8832959586 j
EV Controller grantedtime = 5100.0
Total Feeder Load is 2789741.4712075777 + 903350.700340088 j
EV Controller grantedtime = 5400.0
Total Feeder Load is 2767423.612408603 + 896368.6692950602 j
EV Controller grantedtime = 5700.0
Total Feeder Load is 2765972.5828699367 + 896529.0080521823 j
EV Controller grantedtime = 6000.0
Total Feeder Load is 2778351.3268059073 + 900402.2817503384 j
EV Controller grantedtime = 6300.0
Total Feeder Load is 2771001.519967418 + 897497.6543927296 j
EV Controller grantedtime = 6600.0
Total Feeder Load is 2758374.1540133236 + 893550.095227622 j
EV Controller grantedtime = 6900.0
Total Feeder Load is 2767408.565788974 + 896976.8639228183 j
EV Controller grantedtime = 7200.0
Total Feeder Load is 2764155.849789409 + 895968.027096224 j
EV Controller grantedtime = 7500.0
Total Feeder Load is 2769751.1628509867 + 897107.0687650243 j
EV Controller grantedtime = 7800.0
Total Feeder Load is 2750844.236465498 + 891201.0726031036 j
EV Controller grantedtime = 8100.0
Total Feeder Load is 2762195.783173062 + 895192.5242039943 j
EV Controller grantedtime = 8400.0
Total Feeder Load is 2758660.6104233027 + 894097.7921471981 j
EV Controller grantedtime = 8700.0
Total Feeder Load is 2759004.4457493583 + 893754.4301960042 j
EV Controller grantedtime = 9000.0
Total Feeder Load is 2747882.444077716 + 890280.6742986613 j
EV Controller grantedtime = 9300.0
Total Feeder Load is 2762023.5108667957 + 895138.8064802627 j
EV Controller grantedtime = 9600.0
Total Feeder Load is 2759329.3421547716 + 894306.2647040198 j
EV Controller grantedtime = 9900.0
Total Feeder Load is 2751841.185718771 + 891522.4119353637 j
EV Controller grantedtime = 10200.0
Total Feeder Load is 2738823.650175181 + 887461.3366824223 j
EV Controller grantedtime = 10500.0
Total Feeder Load is 2736789.5160314334 + 887279.4752269647 j
EV Controller grantedtime = 10800.0
Total Feeder Load is 2753624.937906463 + 892530.6866664649 j
EV Controller grantedtime = 11100.0
Total Feeder Load is 2744082.176929072 + 889106.5669728287 j
EV Controller grantedtime = 11400.0
Total Feeder Load is 2750731.088859601 + 891173.6216240259 j
EV Controller grantedtime = 11700.0
Total Feeder Load is 2755473.3906265646 + 893097.2654591182 j
EV Controller grantedtime = 12000.0
Total Feeder Load is 2757816.0330679114 + 893834.1181188631 j
EV Controller grantedtime = 12300.0
Total Feeder Load is 2760464.783338199 + 894209.7480076915 j
EV Controller grantedtime = 12600.0
Total Feeder Load is 2746107.770031297 + 889727.4736179216 j
EV Controller grantedtime = 12900.0
Total Feeder Load is 2750128.163249202 + 891431.5688330363 j
EV Controller grantedtime = 13200.0
Total Feeder Load is 2741870.0422977563 + 888863.4247066468 j
EV Controller grantedtime = 13500.0
Total Feeder Load is 2740929.6414678614 + 888124.9095771444 j
EV Controller grantedtime = 13800.0
Total Feeder Load is 2756896.7155792327 + 893094.6407427089 j
EV Controller grantedtime = 14100.0
Total Feeder Load is 2764082.844013664 + 895940.7780307396 j
EV Controller grantedtime = 14400.0
Total Feeder Load is 2768908.279967133 + 897453.4914239426 j
EV Controller grantedtime = 14700.0
Total Feeder Load is 2767442.1373330997 + 896386.9126250152 j
EV Controller grantedtime = 15000.0
Total Feeder Load is 2767769.649744993 + 896482.2129621168 j
EV Controller grantedtime = 15300.0
Total Feeder Load is 2764843.619817802 + 896177.0908983191 j
EV Controller grantedtime = 15600.0
Total Feeder Load is 2747520.8045786317 + 890622.71697386 j
EV Controller grantedtime = 15900.0
Total Feeder Load is 2764487.6120694494 + 895463.6274015545 j
EV Controller grantedtime = 16200.0
Total Feeder Load is 2772418.073209971 + 897931.1626264165 j
EV Controller grantedtime = 16500.0
Total Feeder Load is 2779396.3346396964 + 900718.997502009 j
EV Controller grantedtime = 16800.0
Total Feeder Load is 2774818.376568468 + 899294.7055530751 j
EV Controller grantedtime = 17100.0
Total Feeder Load is 2753170.631081357 + 891937.9465622543 j
EV Controller grantedtime = 17400.0
Total Feeder Load is 2765929.4424512917 + 895913.0304288389 j
EV Controller grantedtime = 17700.0
Total Feeder Load is 2795647.1228425703 + 905798.3950234663 j
EV Controller grantedtime = 18000.0
Total Feeder Load is 2798015.9647225095 + 906545.5185811495 j
EV Controller grantedtime = 18300.0
Total Feeder Load is 2774246.409811389 + 898510.7104460192 j
EV Controller grantedtime = 18600.0
Total Feeder Load is 2781711.990898664 + 900838.9724187861 j
EV Controller grantedtime = 18900.0
Total Feeder Load is 2791632.817665144 + 904543.35520467 j
EV Controller grantedtime = 19200.0
Total Feeder Load is 2791151.2862049597 + 904400.4049488971 j
EV Controller grantedtime = 19500.0
Total Feeder Load is 2798765.1218426954 + 906172.8775459065 j
EV Controller grantedtime = 19800.0
Total Feeder Load is 2813580.121481608 + 911086.363642667 j
EV Controller grantedtime = 20100.0
Total Feeder Load is 2829419.557755899 + 916379.6152213124 j
EV Controller grantedtime = 20400.0
Total Feeder Load is 2808999.6959260716 + 909978.2797778146 j
EV Controller grantedtime = 20700.0
Total Feeder Load is 2800917.4447094724 + 906846.3276627429 j
EV Controller grantedtime = 21000.0
Total Feeder Load is 2815842.7560009863 + 911794.8199787362 j
EV Controller grantedtime = 21300.0
Total Feeder Load is 2835601.260335207 + 918319.9408325079 j
EV Controller grantedtime = 21600.0
Total Feeder Load is 2854040.340941789 + 924125.7531992379 j
EV Controller grantedtime = 21900.0
Total Feeder Load is 2874185.5401452957 + 930308.7793764775 j
EV Controller grantedtime = 22200.0
Total Feeder Load is 2885975.137096693 + 934026.378435259 j
EV Controller grantedtime = 22500.0
Total Feeder Load is 2899394.485314933 + 938417.7367050553 j
EV Controller grantedtime = 22800.0
Total Feeder Load is 2911515.3264402775 + 942251.5657575687 j
EV Controller grantedtime = 23100.0
Total Feeder Load is 2919504.83685887 + 944622.0206558903 j
EV Controller grantedtime = 23400.0
Total Feeder Load is 2899080.141153022 + 938154.7123123904 j
EV Controller grantedtime = 23700.0
Total Feeder Load is 2917528.1347604496 + 944149.9764146178 j
EV Controller grantedtime = 24000.0
Total Feeder Load is 2935610.0902151177 + 949875.8007888002 j
EV Controller grantedtime = 24300.0
Total Feeder Load is 2940080.4060305483 + 951140.1707521019 j
EV Controller grantedtime = 24600.0
Total Feeder Load is 2975112.550372777 + 962457.2642170093 j
EV Controller grantedtime = 24900.0
Total Feeder Load is 2976006.6377465148 + 962904.3220928741 j
EV Controller grantedtime = 25200.0
Total Feeder Load is 2986441.5342022097 + 966033.9330469256 j
EV Controller grantedtime = 25500.0
Total Feeder Load is 3053900.4534868947 + 987422.7865668617 j
EV Controller grantedtime = 25800.0
Total Feeder Load is 3070062.175587509 + 992810.8216707513 j
EV Controller grantedtime = 26100.0
Total Feeder Load is 3055127.7933869627 + 988178.2564647814 j
EV Controller grantedtime = 26400.0
Total Feeder Load is 3063913.154891067 + 990794.7769109589 j
EV Controller grantedtime = 26700.0
Total Feeder Load is 3101536.4629637366 + 1002722.6046599136 j
EV Controller grantedtime = 27000.0
Total Feeder Load is 3140693.899577709 + 1015712.8208414762 j
EV Controller grantedtime = 27300.0
Total Feeder Load is 3126283.013980114 + 1011056.6673607703 j
EV Controller grantedtime = 27600.0
Total Feeder Load is 3165618.2306338623 + 1023567.7037204865 j
EV Controller grantedtime = 27900.0
Total Feeder Load is 3194875.447570623 + 1033260.8736837165 j
EV Controller grantedtime = 28200.0
Total Feeder Load is 3214848.725665558 + 1040008.064274695 j
EV Controller grantedtime = 28500.0
Total Feeder Load is 3241931.1561732558 + 1048984.7910241273 j
EV Controller grantedtime = 28800.0
Total Feeder Load is 3246603.360141634 + 1050111.8216654952 j
EV Controller grantedtime = 29100.0
Total Feeder Load is 3286662.9157055328 + 1063224.3297959832 j
EV Controller grantedtime = 29400.0
Total Feeder Load is 3304306.210212943 + 1069394.1228272053 j
EV Controller grantedtime = 29700.0
Total Feeder Load is 3330865.9032704737 + 1078128.9153364205 j
EV Controller grantedtime = 30000.0
Total Feeder Load is 3399738.616203805 + 1100676.961709919 j
EV Controller grantedtime = 30300.0
Total Feeder Load is 3457406.022491714 + 1119843.6118888452 j
EV Controller grantedtime = 30600.0
Total Feeder Load is 3467689.718057758 + 1123368.5387125255 j
EV Controller grantedtime = 30900.0
Total Feeder Load is 3486505.061908145 + 1129649.8171489309 j
EV Controller grantedtime = 31200.0
Total Feeder Load is 3503154.049234079 + 1135069.7294752712 j
EV Controller grantedtime = 31500.0
Total Feeder Load is 3500280.7426997856 + 1134124.7224670835 j
EV Controller grantedtime = 31800.0
Total Feeder Load is 3575923.5489786584 + 1159832.2932008058 j
EV Controller grantedtime = 32100.0
Total Feeder Load is 3598970.33677126 + 1167886.3361168494 j
EV Controller grantedtime = 32400.0
Total Feeder Load is 3618479.599100654 + 1173802.3021336105 j
EV Controller grantedtime = 32700.0
Total Feeder Load is 3675710.8045938523 + 1193292.2729709782 j
EV Controller grantedtime = 33000.0
Total Feeder Load is 3648293.0548600107 + 1184526.1725253789 j
EV Controller grantedtime = 33300.0
Total Feeder Load is 3671875.999797474 + 1192522.4274750142 j
EV Controller grantedtime = 33600.0
Total Feeder Load is 3717441.032787729 + 1207645.6245335878 j
EV Controller grantedtime = 33900.0
Total Feeder Load is 3707077.3712860756 + 1203964.4909647694 j
EV Controller grantedtime = 34200.0
Total Feeder Load is 3796735.0311223157 + 1235237.0400532414 j
EV Controller grantedtime = 34500.0
Total Feeder Load is 3823248.1946071982 + 1244362.4638468474 j
EV Controller grantedtime = 34800.0
Total Feeder Load is 3717531.0859647715 + 1207531.8985300492 j
EV Controller grantedtime = 35100.0
Total Feeder Load is 3787555.877357607 + 1231430.7014536723 j
EV Controller grantedtime = 35400.0
Total Feeder Load is 3880679.9044095427 + 1264149.3850903437 j
EV Controller grantedtime = 35700.0
Total Feeder Load is 3915096.52566041 + 1276048.8051893834 j
EV Controller grantedtime = 36000.0
Total Feeder Load is 3910634.4630787484 + 1274533.1932285395 j
EV Controller grantedtime = 36300.0
Total Feeder Load is 3880168.3702206584 + 1263632.7172323042 j
EV Controller grantedtime = 36600.0
Total Feeder Load is 3905802.2672206536 + 1272838.9133939254 j
EV Controller grantedtime = 36900.0
Total Feeder Load is 3962131.882331111 + 1292375.1220989146 j
EV Controller grantedtime = 37200.0
Total Feeder Load is 3992300.1551105175 + 1302720.4672616057 j
EV Controller grantedtime = 37500.0
Total Feeder Load is 3993362.195538004 + 1302931.3571209526 j
EV Controller grantedtime = 37800.0
Total Feeder Load is 4006386.7905108193 + 1308178.5588225424 j
Total Feeder Load is over the Feeder Upper Limit
Warning ----> Feeder OverLimit --->  Turn off EV
Turning off EV_Controller/EV6
EV Controller grantedtime = 38100.0
Total Feeder Load is 3987936.961372412 + 1301359.7921350836 j
EV Controller grantedtime = 38400.0
Total Feeder Load is 4150043.654746374 + 1358337.9856542049 j
Total Feeder Load is over the Feeder Upper Limit
Warning ----> Feeder OverLimit --->  Turn off EV
Turning off EV_Controller/EV5
EV Controller grantedtime = 38700.0
Total Feeder Load is 4147681.5858140774 + 1357839.476067592 j
Total Feeder Load is over the Feeder Upper Limit
Warning ----> Feeder OverLimit --->  Turn off EV
Turning off EV_Controller/EV4
EV Controller grantedtime = 39000.0
Total Feeder Load is 4096202.2894560397 + 1339124.3581717426 j
Total Feeder Load is over the Feeder Upper Limit
Warning ----> Feeder OverLimit --->  Turn off EV
Turning off EV_Controller/EV3
EV Controller grantedtime = 39300.0
Total Feeder Load is 4139142.7987199263 + 1354422.0367002487 j
Total Feeder Load is over the Feeder Upper Limit
Warning ----> Feeder OverLimit --->  Turn off EV
Turning off EV_Controller/EV2
EV Controller grantedtime = 39600.0
Total Feeder Load is 4180189.216510579 + 1369483.4140578597 j
Total Feeder Load is over the Feeder Upper Limit
Warning ----> Feeder OverLimit --->  Turn off EV
Turning off EV_Controller/EV1
EV Controller grantedtime = 39900.0
Total Feeder Load is 4176323.599845553 + 1367976.0507111088 j
Total Feeder Load is over the Feeder Upper Limit
Warning ----> Feeder OverLimit --->  Turn off EV
All EVs are Turned off
EV Controller grantedtime = 40200.0
Total Feeder Load is 4161663.4505095948 + 1362746.739239193 j
Total Feeder Load is over the Feeder Upper Limit
Warning ----> Feeder OverLimit --->  Turn off EV
All EVs are Turned off
EV Controller grantedtime = 40500.0
Total Feeder Load is 4193379.039795909 + 1374023.6274050951 j
Total Feeder Load is over the Feeder Upper Limit
Warning ----> Feeder OverLimit --->  Turn off EV
All EVs are Turned off
EV Controller grantedtime = 40800.0
Total Feeder Load is 4338985.802887048 + 1426616.9651819305 j
Total Feeder Load is over the Feeder Upper Limit
Warning ----> Feeder OverLimit --->  Turn off EV
All EVs are Turned off
EV Controller grantedtime = 41100.0
Total Feeder Load is 4374140.711240664 + 1439299.4317499048 j
Total Feeder Load is over the Feeder Upper Limit
Warning ----> Feeder OverLimit --->  Turn off EV
All EVs are Turned off
EV Controller grantedtime = 41400.0
Total Feeder Load is 4327037.366048056 + 1421761.4382383027 j
Total Feeder Load is over the Feeder Upper Limit
Warning ----> Feeder OverLimit --->  Turn off EV
All EVs are Turned off
EV Controller grantedtime = 41700.0
Total Feeder Load is 4333228.082678027 + 1423945.0421509717 j
Total Feeder Load is over the Feeder Upper Limit
Warning ----> Feeder OverLimit --->  Turn off EV
All EVs are Turned off
EV Controller grantedtime = 42000.0
Total Feeder Load is 4304137.807678568 + 1414111.155388126 j
Total Feeder Load is over the Feeder Upper Limit
Warning ----> Feeder OverLimit --->  Turn off EV
All EVs are Turned off
EV Controller grantedtime = 42300.0
Total Feeder Load is 4358884.2826197045 + 1433780.2339949668 j
Total Feeder Load is over the Feeder Upper Limit
Warning ----> Feeder OverLimit --->  Turn off EV
All EVs are Turned off
EV Controller grantedtime = 42600.0
Total Feeder Load is 4456074.056928794 + 1468330.0035056914 j
Total Feeder Load is over the Feeder Upper Limit
Warning ----> Feeder OverLimit --->  Turn off EV
All EVs are Turned off
EV Controller grantedtime = 42900.0
Total Feeder Load is 4469875.388836718 + 1473368.505977041 j
Total Feeder Load is over the Feeder Upper Limit
Warning ----> Feeder OverLimit --->  Turn off EV
All EVs are Turned off
EV Controller grantedtime = 43200.0
Total Feeder Load is 4466626.775104334 + 1472768.9211956717 j
Total Feeder Load is over the Feeder Upper Limit
Warning ----> Feeder OverLimit --->  Turn off EV
All EVs are Turned off
EV Controller grantedtime = 43500.0
Total Feeder Load is 4470127.689054129 + 1474027.3681080649 j
Total Feeder Load is over the Feeder Upper Limit
Warning ----> Feeder OverLimit --->  Turn off EV
All EVs are Turned off
EV Controller grantedtime = 43800.0
Total Feeder Load is 4500938.743210513 + 1485388.2506017117 j
Total Feeder Load is over the Feeder Upper Limit
Warning ----> Feeder OverLimit --->  Turn off EV
All EVs are Turned off
EV Controller grantedtime = 44100.0
Total Feeder Load is 4525269.407499954 + 1493643.9517150084 j
Total Feeder Load is over the Feeder Upper Limit
Warning ----> Feeder OverLimit --->  Turn off EV
All EVs are Turned off
EV Controller grantedtime = 44400.0
Total Feeder Load is 4635466.413116884 + 1534697.6404308514 j
Total Feeder Load is over the Feeder Upper Limit
Warning ----> Feeder OverLimit --->  Turn off EV
All EVs are Turned off
EV Controller grantedtime = 44700.0
Total Feeder Load is 4591415.542498741 + 1518337.6586700683 j
Total Feeder Load is over the Feeder Upper Limit
Warning ----> Feeder OverLimit --->  Turn off EV
All EVs are Turned off
EV Controller grantedtime = 45000.0
Total Feeder Load is 4694261.925716639 + 1557039.7635271573 j
Total Feeder Load is over the Feeder Upper Limit
Warning ----> Feeder OverLimit --->  Turn off EV
All EVs are Turned off
EV Controller grantedtime = 45300.0
Total Feeder Load is 4686507.072086735 + 1554033.0680948421 j
Total Feeder Load is over the Feeder Upper Limit
Warning ----> Feeder OverLimit --->  Turn off EV
All EVs are Turned off
EV Controller grantedtime = 45600.0
Total Feeder Load is 4669867.183988782 + 1547266.934237952 j
Total Feeder Load is over the Feeder Upper Limit
Warning ----> Feeder OverLimit --->  Turn off EV
All EVs are Turned off
EV Controller grantedtime = 45900.0
Total Feeder Load is 4702159.876428073 + 1559360.5772859254 j
Total Feeder Load is over the Feeder Upper Limit
Warning ----> Feeder OverLimit --->  Turn off EV
All EVs are Turned off
EV Controller grantedtime = 46200.0
Total Feeder Load is 4760784.522280711 + 1581756.7220556266 j
Total Feeder Load is over the Feeder Upper Limit
Warning ----> Feeder OverLimit --->  Turn off EV
All EVs are Turned off
EV Controller grantedtime = 46500.0
Total Feeder Load is 4815622.661867462 + 1602097.743378497 j
Total Feeder Load is over the Feeder Upper Limit
Warning ----> Feeder OverLimit --->  Turn off EV
All EVs are Turned off
EV Controller grantedtime = 46800.0
Total Feeder Load is 4831754.112620452 + 1608642.9468676636 j
Total Feeder Load is over the Feeder Upper Limit
Warning ----> Feeder OverLimit --->  Turn off EV
All EVs are Turned off
EV Controller grantedtime = 47100.0
Total Feeder Load is 4819086.964736661 + 1603462.945552472 j
Total Feeder Load is over the Feeder Upper Limit
Warning ----> Feeder OverLimit --->  Turn off EV
All EVs are Turned off
EV Controller grantedtime = 47400.0
Total Feeder Load is 4892479.851650998 + 1631680.0014551263 j
Total Feeder Load is over the Feeder Upper Limit
Warning ----> Feeder OverLimit --->  Turn off EV
All EVs are Turned off
EV Controller grantedtime = 47700.0
Total Feeder Load is 4828814.787871648 + 1607064.043883449 j
Total Feeder Load is over the Feeder Upper Limit
Warning ----> Feeder OverLimit --->  Turn off EV
All EVs are Turned off
EV Controller grantedtime = 48000.0
Total Feeder Load is 4795166.920216904 + 1594360.8618061924 j
Total Feeder Load is over the Feeder Upper Limit
Warning ----> Feeder OverLimit --->  Turn off EV
All EVs are Turned off
EV Controller grantedtime = 48300.0
Total Feeder Load is 4905088.624368616 + 1636382.0102106715 j
Total Feeder Load is over the Feeder Upper Limit
Warning ----> Feeder OverLimit --->  Turn off EV
All EVs are Turned off
EV Controller grantedtime = 48600.0
Total Feeder Load is 4817658.429255964 + 1603032.3578892117 j
Total Feeder Load is over the Feeder Upper Limit
Warning ----> Feeder OverLimit --->  Turn off EV
All EVs are Turned off
EV Controller grantedtime = 48900.0
Total Feeder Load is 4728505.078216036 + 1569073.6436179825 j
Total Feeder Load is over the Feeder Upper Limit
Warning ----> Feeder OverLimit --->  Turn off EV
All EVs are Turned off
EV Controller grantedtime = 49200.0
Total Feeder Load is 4854154.454471745 + 1616464.7548389984 j
Total Feeder Load is over the Feeder Upper Limit
Warning ----> Feeder OverLimit --->  Turn off EV
All EVs are Turned off
EV Controller grantedtime = 49500.0
Total Feeder Load is 4946963.971497645 + 1651617.463929275 j
Total Feeder Load is over the Feeder Upper Limit
Warning ----> Feeder OverLimit --->  Turn off EV
All EVs are Turned off
EV Controller grantedtime = 49800.0
Total Feeder Load is 4905772.618753925 + 1636561.5571906376 j
Total Feeder Load is over the Feeder Upper Limit
Warning ----> Feeder OverLimit --->  Turn off EV
All EVs are Turned off
EV Controller grantedtime = 50100.0
Total Feeder Load is 4844054.34967839 + 1613491.3054382498 j
Total Feeder Load is over the Feeder Upper Limit
Warning ----> Feeder OverLimit --->  Turn off EV
All EVs are Turned off
EV Controller grantedtime = 50400.0
Total Feeder Load is 4803021.317376858 + 1596882.6404466701 j
Total Feeder Load is over the Feeder Upper Limit
Warning ----> Feeder OverLimit --->  Turn off EV
All EVs are Turned off
EV Controller grantedtime = 50700.0
Total Feeder Load is 4943268.588458322 + 1650813.9012937825 j
Total Feeder Load is over the Feeder Upper Limit
Warning ----> Feeder OverLimit --->  Turn off EV
All EVs are Turned off
EV Controller grantedtime = 51000.0
Total Feeder Load is 4891603.413856799 + 1630780.5681437007 j
Total Feeder Load is over the Feeder Upper Limit
Warning ----> Feeder OverLimit --->  Turn off EV
All EVs are Turned off
EV Controller grantedtime = 51300.0
Total Feeder Load is 4914903.721572151 + 1639577.2462234541 j
Total Feeder Load is over the Feeder Upper Limit
Warning ----> Feeder OverLimit --->  Turn off EV
All EVs are Turned off
EV Controller grantedtime = 51600.0
Total Feeder Load is 4870809.5147704985 + 1622858.875456132 j
Total Feeder Load is over the Feeder Upper Limit
Warning ----> Feeder OverLimit --->  Turn off EV
All EVs are Turned off
EV Controller grantedtime = 51900.0
Total Feeder Load is 4974695.824921146 + 1662070.5940756705 j
Total Feeder Load is over the Feeder Upper Limit
Warning ----> Feeder OverLimit --->  Turn off EV
All EVs are Turned off
EV Controller grantedtime = 52200.0
Total Feeder Load is 4931182.894994866 + 1646299.1355689531 j
Total Feeder Load is over the Feeder Upper Limit
Warning ----> Feeder OverLimit --->  Turn off EV
All EVs are Turned off
EV Controller grantedtime = 52500.0
Total Feeder Load is 4903216.141216168 + 1635714.4823484176 j
Total Feeder Load is over the Feeder Upper Limit
Warning ----> Feeder OverLimit --->  Turn off EV
All EVs are Turned off
EV Controller grantedtime = 52800.0
Total Feeder Load is 4962176.572143199 + 1657370.9956992837 j
Total Feeder Load is over the Feeder Upper Limit
Warning ----> Feeder OverLimit --->  Turn off EV
All EVs are Turned off
EV Controller grantedtime = 53100.0
Total Feeder Load is 4959974.2622831 + 1656522.9852694795 j
Total Feeder Load is over the Feeder Upper Limit
Warning ----> Feeder OverLimit --->  Turn off EV
All EVs are Turned off
EV Controller grantedtime = 53400.0
Total Feeder Load is 5028688.461192319 + 1683314.2317159395 j
Total Feeder Load is over the Feeder Upper Limit
Warning ----> Feeder OverLimit --->  Turn off EV
All EVs are Turned off
EV Controller grantedtime = 53700.0
Total Feeder Load is 4985782.411170208 + 1666975.4035720981 j
Total Feeder Load is over the Feeder Upper Limit
Warning ----> Feeder OverLimit --->  Turn off EV
All EVs are Turned off
EV Controller grantedtime = 54000.0
Total Feeder Load is 4981587.674646397 + 1664732.276195631 j
Total Feeder Load is over the Feeder Upper Limit
Warning ----> Feeder OverLimit --->  Turn off EV
All EVs are Turned off
EV Controller grantedtime = 54300.0
Total Feeder Load is 4838818.835857301 + 1610737.3864521561 j
Total Feeder Load is over the Feeder Upper Limit
Warning ----> Feeder OverLimit --->  Turn off EV
All EVs are Turned off
EV Controller grantedtime = 54600.0
Total Feeder Load is 4718524.000042161 + 1565376.0285537462 j
Total Feeder Load is over the Feeder Upper Limit
Warning ----> Feeder OverLimit --->  Turn off EV
All EVs are Turned off
EV Controller grantedtime = 54900.0
Total Feeder Load is 4803395.969991287 + 1597680.6245928037 j
Total Feeder Load is over the Feeder Upper Limit
Warning ----> Feeder OverLimit --->  Turn off EV
All EVs are Turned off
EV Controller grantedtime = 55200.0
Total Feeder Load is 4792122.849446689 + 1593373.6319239768 j
Total Feeder Load is over the Feeder Upper Limit
Warning ----> Feeder OverLimit --->  Turn off EV
All EVs are Turned off
EV Controller grantedtime = 55500.0
Total Feeder Load is 4857666.15065835 + 1617768.4804651786 j
Total Feeder Load is over the Feeder Upper Limit
Warning ----> Feeder OverLimit --->  Turn off EV
All EVs are Turned off
EV Controller grantedtime = 55800.0
Total Feeder Load is 4887642.326745593 + 1629283.8281137692 j
Total Feeder Load is over the Feeder Upper Limit
Warning ----> Feeder OverLimit --->  Turn off EV
All EVs are Turned off
EV Controller grantedtime = 56100.0
Total Feeder Load is 4651744.711918467 + 1540646.187323608 j
Total Feeder Load is over the Feeder Upper Limit
Warning ----> Feeder OverLimit --->  Turn off EV
All EVs are Turned off
EV Controller grantedtime = 56400.0
Total Feeder Load is 4896457.8143943185 + 1632985.0821487203 j
Total Feeder Load is over the Feeder Upper Limit
Warning ----> Feeder OverLimit --->  Turn off EV
All EVs are Turned off
EV Controller grantedtime = 56700.0
Total Feeder Load is 4842103.744448922 + 1612665.4619420413 j
Total Feeder Load is over the Feeder Upper Limit
Warning ----> Feeder OverLimit --->  Turn off EV
All EVs are Turned off
EV Controller grantedtime = 57000.0
Total Feeder Load is 4817560.6773339305 + 1602980.4817197896 j
Total Feeder Load is over the Feeder Upper Limit
Warning ----> Feeder OverLimit --->  Turn off EV
All EVs are Turned off
EV Controller grantedtime = 57300.0
Total Feeder Load is 4763488.649030415 + 1582097.3223996921 j
Total Feeder Load is over the Feeder Upper Limit
Warning ----> Feeder OverLimit --->  Turn off EV
All EVs are Turned off
EV Controller grantedtime = 57600.0
Total Feeder Load is 4834302.00862609 + 1609011.7270735865 j
Total Feeder Load is over the Feeder Upper Limit
Warning ----> Feeder OverLimit --->  Turn off EV
All EVs are Turned off
EV Controller grantedtime = 57900.0
Total Feeder Load is 4909976.791135996 + 1637630.7484254409 j
Total Feeder Load is over the Feeder Upper Limit
Warning ----> Feeder OverLimit --->  Turn off EV
All EVs are Turned off
